<?xml version="1.0" encoding="UTF-8"?>
<testsuite name="swesencryption.EncryptionTest" tests="31" skipped="0" failures="0" errors="0" timestamp="2025-06-12T01:00:25" hostname="SHALOMCHAVERIM" time="0.295">
  <properties/>
  <testcase name="createBlankChainInConstructorThrowsException()" classname="swesencryption.EncryptionTest" time="0.072"/>
  <testcase name="modifyCharacterReturns71For69Plus2()" classname="swesencryption.EncryptionTest" time="0.005"/>
  <testcase name="endingLinkIsConnectedToBeginning()" classname="swesencryption.EncryptionTest" time="0.002"/>
  <testcase name="blankCharacterChainGivesBlankString()" classname="swesencryption.EncryptionTest" time="0.001"/>
  <testcase name="modifyCharacterReturns99For101Minus2()" classname="swesencryption.EncryptionTest" time="0.002"/>
  <testcase name="canary()" classname="swesencryption.EncryptionTest" time="0.002"/>
  <testcase name="scrambleChainThrowsNoExceptions()" classname="swesencryption.EncryptionTest" time="0.021"/>
  <testcase name="abcdeGetBeginningLinkReturnsA()" classname="swesencryption.EncryptionTest" time="0.001"/>
  <testcase name="createOneLinkChainThrowsException()" classname="swesencryption.EncryptionTest" time="0.002"/>
  <testcase name="modifyCharacterReturnsFalseForInvalidOptionNegative()" classname="swesencryption.EncryptionTest" time="0.001"/>
  <testcase name="characterChainIsCorrectForStringThisIsTheMessage()" classname="swesencryption.EncryptionTest" time="0.002"/>
  <testcase name="characterChainIsCorrectForStringThisisthemessage()" classname="swesencryption.EncryptionTest" time="0.0"/>
  <testcase name="scrambleChainIsScrambledCorrectlyASCII()" classname="swesencryption.EncryptionTest" time="0.002"/>
  <testcase name="setAlphaCharacterToNonAlphabetCharacterReturns0()" classname="swesencryption.EncryptionTest" time="0.003"/>
  <testcase name="scrambleChainScramblesRegularly()" classname="swesencryption.EncryptionTest" time="0.002"/>
  <testcase name="modifyAlphaCharacterReturnsFalseForInvalidOptionDivide()" classname="swesencryption.EncryptionTest" time="0.002"/>
  <testcase name="checkPrintKeyCountReturnsCorrectly()" classname="swesencryption.EncryptionTest" time="0.052"/>
  <testcase name="createOneLinkChainInConstructorThrowsException()" classname="swesencryption.EncryptionTest" time="0.003"/>
  <testcase name="chainKeyReturnsCorrectHashmap()" classname="swesencryption.EncryptionTest" time="0.012"/>
  <testcase name="modifyAlphaCharacterReturns3For5Minus2()" classname="swesencryption.EncryptionTest" time="0.002"/>
  <testcase name="modifyAlphaCharacterReturns7For5Plus2()" classname="swesencryption.EncryptionTest" time="0.002"/>
  <testcase name="returnScrambledChainWithKeyReturnsCorrectly()" classname="swesencryption.EncryptionTest" time="0.047"/>
  <testcase name="beginningLinkIsConnectedToEnd()" classname="swesencryption.EncryptionTest" time="0.001"/>
  <testcase name="chainScramblerThrowsExceptionIfScrambledMoreThanOnce()" classname="swesencryption.EncryptionTest" time="0.002"/>
  <testcase name="getScrambleChainReturnsScrambleChain()" classname="swesencryption.EncryptionTest" time="0.002"/>
  <testcase name="chainKeyCreatesCorrectKeyCharacterList()" classname="swesencryption.EncryptionTest" time="0.002"/>
  <testcase name="scrambleChainIsScrambledCorrectlyAlphabetical()" classname="swesencryption.EncryptionTest" time="0.002"/>
  <testcase name="modifyAlphaCharacterReturnsFalseForInvalidOptionNegative()" classname="swesencryption.EncryptionTest" time="0.001"/>
  <testcase name="createBlankChainThrowsException()" classname="swesencryption.EncryptionTest" time="0.001"/>
  <testcase name="secondCreateChainThrowsException()" classname="swesencryption.EncryptionTest" time="0.002"/>
  <testcase name="modifyCharacterReturnsFalseForInvalidOptionDivide()" classname="swesencryption.EncryptionTest" time="0.001"/>
  <system-out><![CDATA[  4578
" 9
' 0
( 4
) 4
, 380
- 11
. 143
0 0
1 4
2 3
3 3
4 2
5 0
6 0
7 0
8 0
9 0
: 7
; 63
A 79
B 26
C 158
D 32
E 45
F 9
G 6
H 33
I 52
J 22
K 0
L 67
M 52
N 44
O 47
P 132
Q 3
R 61
S 217
T 114
U 62
V 32
W 21
Y 23
a 1515
b 333
c 533
d 692
e 2921
f 593
g 254
h 1194
i 1338
j 25
k 30
l 823
m 361
n 1497
o 1506
p 266
q 24
r 1177
s 1343
t 2081
u 474
v 218
w 199
x 63
y 263
z 15

e 3
l 1
s 2
v 0

]]></system-out>
  <system-err><![CDATA[]]></system-err>
</testsuite>
