<?xml version="1.0" encoding="UTF-8"?>
<testsuite name="swesencryption.EncryptionTest" tests="29" skipped="0" failures="0" errors="0" timestamp="2025-01-14T21:59:50" hostname="SHALOMCHAVERIM" time="0.397">
  <properties/>
  <testcase name="createBlankChainInConstructorThrowsException()" classname="swesencryption.EncryptionTest" time="0.087"/>
  <testcase name="modifyCharacterReturns71For69Plus2()" classname="swesencryption.EncryptionTest" time="0.008"/>
  <testcase name="endingLinkIsConnectedToBeginning()" classname="swesencryption.EncryptionTest" time="0.002"/>
  <testcase name="blankCharacterChainGivesBlankString()" classname="swesencryption.EncryptionTest" time="0.003"/>
  <testcase name="modifyCharacterReturns99For101Minus2()" classname="swesencryption.EncryptionTest" time="0.002"/>
  <testcase name="canary()" classname="swesencryption.EncryptionTest" time="0.003"/>
  <testcase name="scrambleChainThrowsNoExceptions()" classname="swesencryption.EncryptionTest" time="0.034"/>
  <testcase name="abcdeGetBeginningLinkReturnsA()" classname="swesencryption.EncryptionTest" time="0.002"/>
  <testcase name="createOneLinkChainThrowsException()" classname="swesencryption.EncryptionTest" time="0.003"/>
  <testcase name="modifyCharacterReturnsFalseForInvalidOptionNegative()" classname="swesencryption.EncryptionTest" time="0.003"/>
  <testcase name="characterChainIsCorrectForStringThisIsTheMessage()" classname="swesencryption.EncryptionTest" time="0.1"/>
  <testcase name="characterChainIsCorrectForStringThisisthemessage()" classname="swesencryption.EncryptionTest" time="0.002"/>
  <testcase name="scrambleChainIsScrambledCorrectlyASCII()" classname="swesencryption.EncryptionTest" time="0.004"/>
  <testcase name="setAlphaCharacterToNonAlphabetCharacterReturns0()" classname="swesencryption.EncryptionTest" time="0.006"/>
  <testcase name="scrambleChainScramblesRegularly()" classname="swesencryption.EncryptionTest" time="0.004"/>
  <testcase name="modifyAlphaCharacterReturnsFalseForInvalidOptionDivide()" classname="swesencryption.EncryptionTest" time="0.004"/>
  <testcase name="createOneLinkChainInConstructorThrowsException()" classname="swesencryption.EncryptionTest" time="0.004"/>
  <testcase name="chainKeyReturnsCorrectHashmap()" classname="swesencryption.EncryptionTest" time="0.027"/>
  <testcase name="modifyAlphaCharacterReturns3For5Minus2()" classname="swesencryption.EncryptionTest" time="0.002"/>
  <testcase name="modifyAlphaCharacterReturns7For5Plus2()" classname="swesencryption.EncryptionTest" time="0.002"/>
  <testcase name="beginningLinkIsConnectedToEnd()" classname="swesencryption.EncryptionTest" time="0.001"/>
  <testcase name="chainScramblerThrowsExceptionIfScrambledMoreThanOnce()" classname="swesencryption.EncryptionTest" time="0.002"/>
  <testcase name="getScrambleChainReturnsScrambleChain()" classname="swesencryption.EncryptionTest" time="0.003"/>
  <testcase name="chainKeyCreatesCorrectKeyCharacterList()" classname="swesencryption.EncryptionTest" time="0.003"/>
  <testcase name="scrambleChainIsScrambledCorrectlyAlphabetical()" classname="swesencryption.EncryptionTest" time="0.003"/>
  <testcase name="modifyAlphaCharacterReturnsFalseForInvalidOptionNegative()" classname="swesencryption.EncryptionTest" time="0.002"/>
  <testcase name="createBlankChainThrowsException()" classname="swesencryption.EncryptionTest" time="0.001"/>
  <testcase name="secondCreateChainThrowsException()" classname="swesencryption.EncryptionTest" time="0.004"/>
  <testcase name="modifyCharacterReturnsFalseForInvalidOptionDivide()" classname="swesencryption.EncryptionTest" time="0.002"/>
  <system-out><![CDATA[]]></system-out>
  <system-err><![CDATA[]]></system-err>
</testsuite>
