<?xml version="1.0" encoding="UTF-8"?>
<testsuite name="swesencryption.EncryptionTest" tests="2" skipped="0" failures="0" errors="0" timestamp="2024-05-04T05:05:51" hostname="SHALOMCHAVERIM" time="0.088">
  <properties/>
  <testcase name="canary()" classname="swesencryption.EncryptionTest" time="0.075"/>
  <testcase name="modifyCharacterReturnsFalseForInvalidOptionDivide()" classname="swesencryption.EncryptionTest" time="0.009"/>
  <system-out><![CDATA[]]></system-out>
  <system-err><![CDATA[]]></system-err>
</testsuite>
